<?xml version="1.0" encoding="UTF-8"?>
<!-- Generated by org.testng.reporters.JUnitReportReporter -->
<testsuite skipped="0" hostname="192-168-1-105.tpgi.com.au" name="Runners.TestNGRunner" tests="2" failures="0" timestamp="2021-04-26T00:10:07 AEST" time="33.947" errors="0">
  <testcase name="runScenario" time="17.050" classname="Runners.TestNGRunner"/>
  <system-out/>
  <testcase name="runScenario" time="16.897" classname="Runners.TestNGRunner"/>
  <system-out/>
</testsuite> <!-- Runners.TestNGRunner -->
